0 info it worked if it ends with ok
1 verbose cli [ 'node', '/usr/local/bin/npm', 'install' ]
2 info using npm@1.3.11
3 info using node@v0.12.0
4 warn package.json radar@ No repository field.
5 verbose readDependencies using package.json deps
6 verbose install where, deps [ '/Users/goldnuggets/Sites/radar',
6 verbose install   [ 'alt',
6 verbose install     'babel-core',
6 verbose install     'babelify',
6 verbose install     'browserify',
6 verbose install     'browserify-incremental',
6 verbose install     'coffee-reactify',
6 verbose install     'es6-promise',
6 verbose install     'jquery',
6 verbose install     'material-ui',
6 verbose install     'react',
6 verbose install     'react-addons-css-transition-group',
6 verbose install     'react-addons-linked-state-mixin',
6 verbose install     'react-tap-event-plugin',
6 verbose install     'require-globify',
6 verbose install     'react-day-picker' ] ]
7 info preinstall radar@
8 warn package.json babel-core@5.8.30 No README data
9 warn package.json react-addons-create-fragment@0.14.0 No repository field.
10 warn package.json react-addons-css-transition-group@0.14.0 No repository field.
11 warn package.json react-addons-linked-state-mixin@0.14.0 No repository field.
12 warn package.json react-addons-pure-render-mixin@0.14.0 No repository field.
13 warn package.json react-addons-transition-group@0.14.0 No repository field.
14 warn package.json react-addons-update@0.14.0 No repository field.
15 verbose readDependencies using package.json deps
16 verbose already installed skipping alt@^0.16.10 /Users/goldnuggets/Sites/radar
17 verbose already installed skipping babel-core@^5.7.4 /Users/goldnuggets/Sites/radar
18 verbose already installed skipping babelify@^6.1.3 /Users/goldnuggets/Sites/radar
19 verbose already installed skipping browserify@^10.2.6 /Users/goldnuggets/Sites/radar
20 verbose already installed skipping browserify-incremental@^3.0.1 /Users/goldnuggets/Sites/radar
21 verbose already installed skipping coffee-reactify@^4.0.0 /Users/goldnuggets/Sites/radar
22 verbose already installed skipping es6-promise@^2.3.0 /Users/goldnuggets/Sites/radar
23 verbose already installed skipping jquery@^2.1.4 /Users/goldnuggets/Sites/radar
24 verbose already installed skipping material-ui@^0.13.0 /Users/goldnuggets/Sites/radar
25 verbose cache add [ 'react@^0.13.0', null ]
26 verbose cache add name=undefined spec="react@^0.13.0" args=["react@^0.13.0",null]
27 verbose parsed url { protocol: null,
27 verbose parsed url   slashes: null,
27 verbose parsed url   auth: null,
27 verbose parsed url   host: null,
27 verbose parsed url   port: null,
27 verbose parsed url   hostname: null,
27 verbose parsed url   hash: null,
27 verbose parsed url   search: null,
27 verbose parsed url   query: null,
27 verbose parsed url   pathname: 'react@%5E0.13.0',
27 verbose parsed url   path: 'react@%5E0.13.0',
27 verbose parsed url   href: 'react@%5E0.13.0' }
28 verbose cache add name="react" spec="^0.13.0" args=["react","^0.13.0"]
29 verbose parsed url { protocol: null,
29 verbose parsed url   slashes: null,
29 verbose parsed url   auth: null,
29 verbose parsed url   host: null,
29 verbose parsed url   port: null,
29 verbose parsed url   hostname: null,
29 verbose parsed url   hash: null,
29 verbose parsed url   search: null,
29 verbose parsed url   query: null,
29 verbose parsed url   pathname: '%5E0.13.0',
29 verbose parsed url   path: '%5E0.13.0',
29 verbose parsed url   href: '%5E0.13.0' }
30 verbose addNamed [ 'react', '^0.13.0' ]
31 verbose addNamed [ null, '>=0.13.0-0 <0.14.0-0' ]
32 verbose cache add [ 'react-addons-css-transition-group@^0.13.0', null ]
33 verbose cache add name=undefined spec="react-addons-css-transition-group@^0.13.0" args=["react-addons-css-transition-group@^0.13.0",null]
34 verbose parsed url { protocol: null,
34 verbose parsed url   slashes: null,
34 verbose parsed url   auth: null,
34 verbose parsed url   host: null,
34 verbose parsed url   port: null,
34 verbose parsed url   hostname: null,
34 verbose parsed url   hash: null,
34 verbose parsed url   search: null,
34 verbose parsed url   query: null,
34 verbose parsed url   pathname: 'react-addons-css-transition-group@%5E0.13.0',
34 verbose parsed url   path: 'react-addons-css-transition-group@%5E0.13.0',
34 verbose parsed url   href: 'react-addons-css-transition-group@%5E0.13.0' }
35 verbose cache add name="react-addons-css-transition-group" spec="^0.13.0" args=["react-addons-css-transition-group","^0.13.0"]
36 verbose parsed url { protocol: null,
36 verbose parsed url   slashes: null,
36 verbose parsed url   auth: null,
36 verbose parsed url   host: null,
36 verbose parsed url   port: null,
36 verbose parsed url   hostname: null,
36 verbose parsed url   hash: null,
36 verbose parsed url   search: null,
36 verbose parsed url   query: null,
36 verbose parsed url   pathname: '%5E0.13.0',
36 verbose parsed url   path: '%5E0.13.0',
36 verbose parsed url   href: '%5E0.13.0' }
37 verbose addNamed [ 'react-addons-css-transition-group', '^0.13.0' ]
38 verbose addNamed [ null, '>=0.13.0-0 <0.14.0-0' ]
39 verbose cache add [ 'react-addons-linked-state-mixin@^0.13.0', null ]
40 verbose cache add name=undefined spec="react-addons-linked-state-mixin@^0.13.0" args=["react-addons-linked-state-mixin@^0.13.0",null]
41 verbose parsed url { protocol: null,
41 verbose parsed url   slashes: null,
41 verbose parsed url   auth: null,
41 verbose parsed url   host: null,
41 verbose parsed url   port: null,
41 verbose parsed url   hostname: null,
41 verbose parsed url   hash: null,
41 verbose parsed url   search: null,
41 verbose parsed url   query: null,
41 verbose parsed url   pathname: 'react-addons-linked-state-mixin@%5E0.13.0',
41 verbose parsed url   path: 'react-addons-linked-state-mixin@%5E0.13.0',
41 verbose parsed url   href: 'react-addons-linked-state-mixin@%5E0.13.0' }
42 verbose cache add name="react-addons-linked-state-mixin" spec="^0.13.0" args=["react-addons-linked-state-mixin","^0.13.0"]
43 verbose parsed url { protocol: null,
43 verbose parsed url   slashes: null,
43 verbose parsed url   auth: null,
43 verbose parsed url   host: null,
43 verbose parsed url   port: null,
43 verbose parsed url   hostname: null,
43 verbose parsed url   hash: null,
43 verbose parsed url   search: null,
43 verbose parsed url   query: null,
43 verbose parsed url   pathname: '%5E0.13.0',
43 verbose parsed url   path: '%5E0.13.0',
43 verbose parsed url   href: '%5E0.13.0' }
44 verbose addNamed [ 'react-addons-linked-state-mixin', '^0.13.0' ]
45 verbose addNamed [ null, '>=0.13.0-0 <0.14.0-0' ]
46 silly lockFile 5691f262-react-0-13-0 react@^0.13.0
47 verbose lock react@^0.13.0 /Users/goldnuggets/.npm/5691f262-react-0-13-0.lock
48 silly lockFile 8ef427cc-dons-css-transition-group-0-13-0 react-addons-css-transition-group@^0.13.0
49 verbose lock react-addons-css-transition-group@^0.13.0 /Users/goldnuggets/.npm/8ef427cc-dons-css-transition-group-0-13-0.lock
50 verbose already installed skipping react-tap-event-plugin@^0.2.1 /Users/goldnuggets/Sites/radar
51 verbose already installed skipping require-globify@^1.2.1 /Users/goldnuggets/Sites/radar
52 silly lockFile 2b24238c-addons-linked-state-mixin-0-13-0 react-addons-linked-state-mixin@^0.13.0
53 verbose lock react-addons-linked-state-mixin@^0.13.0 /Users/goldnuggets/.npm/2b24238c-addons-linked-state-mixin-0-13-0.lock
54 silly addNameRange { name: 'react', range: '>=0.13.0-0 <0.14.0-0', hasData: false }
55 silly addNameRange { name: 'react-addons-css-transition-group',
55 silly addNameRange   range: '>=0.13.0-0 <0.14.0-0',
55 silly addNameRange   hasData: false }
56 verbose already installed skipping react-day-picker@~1.0.10 /Users/goldnuggets/Sites/radar
57 silly addNameRange { name: 'react-addons-linked-state-mixin',
57 silly addNameRange   range: '>=0.13.0-0 <0.14.0-0',
57 silly addNameRange   hasData: false }
58 verbose url raw react-addons-css-transition-group
59 verbose url resolving [ 'https://registry.npmjs.org/',
59 verbose url resolving   './react-addons-css-transition-group' ]
60 verbose url resolved https://registry.npmjs.org/react-addons-css-transition-group
61 info trying registry request attempt 1 at 1:09:05 AM
62 http GET https://registry.npmjs.org/react-addons-css-transition-group
63 verbose url raw react-addons-linked-state-mixin
64 verbose url resolving [ 'https://registry.npmjs.org/',
64 verbose url resolving   './react-addons-linked-state-mixin' ]
65 verbose url resolved https://registry.npmjs.org/react-addons-linked-state-mixin
66 info trying registry request attempt 1 at 1:09:05 AM
67 http GET https://registry.npmjs.org/react-addons-linked-state-mixin
68 verbose url raw react
69 verbose url resolving [ 'https://registry.npmjs.org/', './react' ]
70 verbose url resolved https://registry.npmjs.org/react
71 info trying registry request attempt 1 at 1:09:05 AM
72 verbose etag "87YH84Y2USEYHY6UYWOGQ0531"
73 http GET https://registry.npmjs.org/react
74 http 200 https://registry.npmjs.org/react-addons-linked-state-mixin
75 silly registry.get cb [ 200,
75 silly registry.get   { server: 'CouchDB/1.5.0 (Erlang OTP/R16B03)',
75 silly registry.get     etag: '"6FPHBQ7O8EJ4I6LUD3RQ060U9"',
75 silly registry.get     'content-type': 'application/json',
75 silly registry.get     'cache-control': 'max-age=60',
75 silly registry.get     'content-length': '7799',
75 silly registry.get     'accept-ranges': 'bytes',
75 silly registry.get     date: 'Tue, 03 Nov 2015 06:08:34 GMT',
75 silly registry.get     via: '1.1 varnish',
75 silly registry.get     age: '0',
75 silly registry.get     connection: 'close',
75 silly registry.get     'x-served-by': 'cache-jfk1032-JFK',
75 silly registry.get     'x-cache': 'MISS',
75 silly registry.get     'x-cache-hits': '0',
75 silly registry.get     'x-timer': 'S1446530914.240636,VS0,VE18',
75 silly registry.get     vary: 'Accept' } ]
76 silly addNameRange number 2 { name: 'react-addons-linked-state-mixin',
76 silly addNameRange   range: '>=0.13.0-0 <0.14.0-0',
76 silly addNameRange   hasData: true }
77 silly addNameRange versions [ 'react-addons-linked-state-mixin',
77 silly addNameRange   [ '0.14.0-beta1',
77 silly addNameRange     '0.14.0-beta2',
77 silly addNameRange     '0.14.0-beta3',
77 silly addNameRange     '0.14.0-rc1',
77 silly addNameRange     '0.14.0',
77 silly addNameRange     '0.14.1',
77 silly addNameRange     '0.14.2' ] ]
78 silly lockFile 2b24238c-addons-linked-state-mixin-0-13-0 react-addons-linked-state-mixin@^0.13.0
79 silly lockFile 2b24238c-addons-linked-state-mixin-0-13-0 react-addons-linked-state-mixin@^0.13.0
80 error Error: No compatible version found: react-addons-linked-state-mixin@'>=0.13.0-0 <0.14.0-0'
80 error Valid install targets:
80 error ["0.14.0-beta1","0.14.0-beta2","0.14.0-beta3","0.14.0-rc1","0.14.0","0.14.1","0.14.2"]
80 error     at installTargetsError (/usr/local/lib/node_modules/npm/lib/cache.js:719:10)
80 error     at next (/usr/local/lib/node_modules/npm/lib/cache.js:698:17)
80 error     at /usr/local/lib/node_modules/npm/lib/cache.js:675:5
80 error     at saved (/usr/local/lib/node_modules/npm/node_modules/npm-registry-client/lib/get.js:142:7)
80 error     at /usr/local/lib/node_modules/npm/node_modules/graceful-fs/polyfills.js:133:7
80 error     at FSReqWrap.oncomplete (fs.js:99:15)
81 error If you need help, you may report this log at:
81 error     <http://github.com/isaacs/npm/issues>
81 error or email it to:
81 error     <npm-@googlegroups.com>
82 error System Darwin 14.5.0
83 error command "node" "/usr/local/bin/npm" "install"
84 error cwd /Users/goldnuggets/Sites/radar
85 error node -v v0.12.0
86 error npm -v 1.3.11
87 verbose exit [ 1, true ]
